[debug] [2025-03-29T19:53:20.564Z] ----------------------------------------------------------------------
[debug] [2025-03-29T19:53:20.566Z] Command:       C:\Program Files\nodejs\node.exe C:\Users\my PC\AppData\Roaming\npm\node_modules\firebase-tools\lib\bin\firebase.js projects:list
[debug] [2025-03-29T19:53:20.567Z] CLI Version:   14.0.1
[debug] [2025-03-29T19:53:20.567Z] Platform:      win32
[debug] [2025-03-29T19:53:20.567Z] Node Version:  v20.9.0
[debug] [2025-03-29T19:53:20.567Z] Time:          Sat Mar 29 2025 21:53:20 GMT+0200 (Eastern European Standard Time)
[debug] [2025-03-29T19:53:20.567Z] ----------------------------------------------------------------------
[debug] 
[debug] [2025-03-29T19:53:20.571Z] > command requires scopes: ["email","openid","https://www.googleapis.com/auth/cloudplatformprojects.readonly","https://www.googleapis.com/auth/firebase","https://www.googleapis.com/auth/cloud-platform"]
[debug] [2025-03-29T19:53:20.572Z] > authorizing via signed-in user (mohamedrazk54@gmail.com)
[debug] [2025-03-29T19:53:20.576Z] Checked if tokens are valid: false, expires at: 1711150639745
[debug] [2025-03-29T19:53:20.576Z] Checked if tokens are valid: false, expires at: 1711150639745
[debug] [2025-03-29T19:53:20.576Z] > refreshing access token with scopes: []
[debug] [2025-03-29T19:53:20.578Z] >>> [apiv2][query] POST https://www.googleapis.com/oauth2/v3/token [none]
[debug] [2025-03-29T19:53:20.578Z] >>> [apiv2][body] POST https://www.googleapis.com/oauth2/v3/token [omitted]
[debug] [2025-03-29T19:53:20.804Z] <<< [apiv2][status] POST https://www.googleapis.com/oauth2/v3/token 400
[debug] [2025-03-29T19:53:20.804Z] <<< [apiv2][body] POST https://www.googleapis.com/oauth2/v3/token [omitted]
[debug] [2025-03-29T19:53:20.805Z] >>> [apiv2][query] GET https://firebase.googleapis.com/v1beta1/projects pageSize=1000
[debug] [2025-03-29T19:53:20.988Z] <<< [apiv2][status] GET https://firebase.googleapis.com/v1beta1/projects 401
[debug] [2025-03-29T19:53:20.988Z] <<< [apiv2][body] GET https://firebase.googleapis.com/v1beta1/projects [omitted]
[debug] [2025-03-29T19:53:20.988Z] Got a 401 Unauthenticated error for a call that required authentication. Refreshing tokens.
[debug] [2025-03-29T19:53:20.988Z] Checked if tokens are valid: false, expires at: 1711150639745
[debug] [2025-03-29T19:53:20.988Z] Checked if tokens are valid: false, expires at: 1711150639745
[debug] [2025-03-29T19:53:20.988Z] > refreshing access token with scopes: []
[debug] [2025-03-29T19:53:20.988Z] >>> [apiv2][query] POST https://www.googleapis.com/oauth2/v3/token [none]
[debug] [2025-03-29T19:53:20.988Z] >>> [apiv2][body] POST https://www.googleapis.com/oauth2/v3/token [omitted]
[debug] [2025-03-29T19:53:21.064Z] <<< [apiv2][status] POST https://www.googleapis.com/oauth2/v3/token 400
[debug] [2025-03-29T19:53:21.064Z] <<< [apiv2][body] POST https://www.googleapis.com/oauth2/v3/token [omitted]
[debug] [2025-03-29T19:53:21.065Z] Request to https://firebase.googleapis.com/v1beta1/projects?pageSize=1000 had HTTP Error: 401, Request had invalid authentication credentials. Expected OAuth 2 access token, login cookie or other valid authentication credential. See https://developers.google.com/identity/sign-in/web/devconsole-project.
[debug] [2025-03-29T19:53:21.242Z] FirebaseError: Request to https://firebase.googleapis.com/v1beta1/projects?pageSize=1000 had HTTP Error: 401, Request had invalid authentication credentials. Expected OAuth 2 access token, login cookie or other valid authentication credential. See https://developers.google.com/identity/sign-in/web/devconsole-project.
    at responseToError (C:\Users\my PC\AppData\Roaming\npm\node_modules\firebase-tools\lib\responseToError.js:52:12)
    at RetryOperation._fn (C:\Users\my PC\AppData\Roaming\npm\node_modules\firebase-tools\lib\apiv2.js:312:77)
    at process.processTicksAndRejections (node:internal/process/task_queues:95:5)
[error] 
[error] Error: Failed to list Firebase projects. See firebase-debug.log for more info.
[debug] [2025-03-29T19:56:04.956Z] ----------------------------------------------------------------------
[debug] [2025-03-29T19:56:04.958Z] Command:       C:\Program Files\nodejs\node.exe C:\Users\my PC\AppData\Roaming\npm\node_modules\firebase-tools\lib\bin\firebase.js init --project dashboard
[debug] [2025-03-29T19:56:04.958Z] CLI Version:   14.0.1
[debug] [2025-03-29T19:56:04.958Z] Platform:      win32
[debug] [2025-03-29T19:56:04.959Z] Node Version:  v20.9.0
[debug] [2025-03-29T19:56:04.959Z] Time:          Sat Mar 29 2025 21:56:04 GMT+0200 (Eastern European Standard Time)
[debug] [2025-03-29T19:56:04.959Z] ----------------------------------------------------------------------
[debug] 
[debug] [2025-03-29T19:56:04.963Z] > command requires scopes: ["email","openid","https://www.googleapis.com/auth/cloudplatformprojects.readonly","https://www.googleapis.com/auth/firebase","https://www.googleapis.com/auth/cloud-platform"]
[debug] [2025-03-29T19:56:04.964Z] > authorizing via signed-in user (mohamedrazk54@gmail.com)
[info] 
     ######## #### ########  ######## ########     ###     ######  ########
     ##        ##  ##     ## ##       ##     ##  ##   ##  ##       ##
     ######    ##  ########  ######   ########  #########  ######  ######
     ##        ##  ##    ##  ##       ##     ## ##     ##       ## ##
     ##       #### ##     ## ######## ########  ##     ##  ######  ########

You're about to initialize a Firebase project in this directory:

  C:\Users\my PC\OneDrive\Desktop\Task\Dashboard\dashboard

[info] 
=== Project Setup
[info] 
[info] First, let's associate this project directory with a Firebase project.
[info] You can create multiple project aliases by running firebase use --add, 
[info] but for now we'll just set up a default project.
[info] 
[debug] [2025-03-29T19:56:16.298Z] Using project from CLI flag: dashboard
[debug] [2025-03-29T19:56:16.299Z] Checked if tokens are valid: false, expires at: 1711150639745
[debug] [2025-03-29T19:56:16.299Z] Checked if tokens are valid: false, expires at: 1711150639745
[debug] [2025-03-29T19:56:16.299Z] > refreshing access token with scopes: []
[debug] [2025-03-29T19:56:16.301Z] >>> [apiv2][query] POST https://www.googleapis.com/oauth2/v3/token [none]
[debug] [2025-03-29T19:56:16.301Z] >>> [apiv2][body] POST https://www.googleapis.com/oauth2/v3/token [omitted]
[debug] [2025-03-29T19:56:16.566Z] <<< [apiv2][status] POST https://www.googleapis.com/oauth2/v3/token 400
[debug] [2025-03-29T19:56:16.566Z] <<< [apiv2][body] POST https://www.googleapis.com/oauth2/v3/token [omitted]
[debug] [2025-03-29T19:56:16.566Z] >>> [apiv2][query] GET https://firebase.googleapis.com/v1beta1/projects/dashboard [none]
[debug] [2025-03-29T19:56:16.776Z] <<< [apiv2][status] GET https://firebase.googleapis.com/v1beta1/projects/dashboard 401
[debug] [2025-03-29T19:56:16.776Z] <<< [apiv2][body] GET https://firebase.googleapis.com/v1beta1/projects/dashboard {"error":{"code":401,"message":"Request had invalid authentication credentials. Expected OAuth 2 access token, login cookie or other valid authentication credential. See https://developers.google.com/identity/sign-in/web/devconsole-project.","status":"UNAUTHENTICATED"}}
[debug] [2025-03-29T19:56:16.777Z] Got a 401 Unauthenticated error for a call that required authentication. Refreshing tokens.
[debug] [2025-03-29T19:56:16.777Z] Checked if tokens are valid: false, expires at: 1711150639745
[debug] [2025-03-29T19:56:16.777Z] Checked if tokens are valid: false, expires at: 1711150639745
[debug] [2025-03-29T19:56:16.777Z] > refreshing access token with scopes: []
[debug] [2025-03-29T19:56:16.778Z] >>> [apiv2][query] POST https://www.googleapis.com/oauth2/v3/token [none]
[debug] [2025-03-29T19:56:16.778Z] >>> [apiv2][body] POST https://www.googleapis.com/oauth2/v3/token [omitted]
[debug] [2025-03-29T19:56:16.859Z] <<< [apiv2][status] POST https://www.googleapis.com/oauth2/v3/token 400
[debug] [2025-03-29T19:56:16.859Z] <<< [apiv2][body] POST https://www.googleapis.com/oauth2/v3/token [omitted]
[debug] [2025-03-29T19:56:16.861Z] Request to https://firebase.googleapis.com/v1beta1/projects/dashboard had HTTP Error: 401, Request had invalid authentication credentials. Expected OAuth 2 access token, login cookie or other valid authentication credential. See https://developers.google.com/identity/sign-in/web/devconsole-project.
[debug] [2025-03-29T19:56:17.167Z] FirebaseError: Request to https://firebase.googleapis.com/v1beta1/projects/dashboard had HTTP Error: 401, Request had invalid authentication credentials. Expected OAuth 2 access token, login cookie or other valid authentication credential. See https://developers.google.com/identity/sign-in/web/devconsole-project.
    at responseToError (C:\Users\my PC\AppData\Roaming\npm\node_modules\firebase-tools\lib\responseToError.js:52:12)
    at RetryOperation._fn (C:\Users\my PC\AppData\Roaming\npm\node_modules\firebase-tools\lib\apiv2.js:312:77)
    at process.processTicksAndRejections (node:internal/process/task_queues:95:5)
[error] 
[error] Error: Failed to get Firebase project dashboard. Please make sure the project exists and your account has permission to access it.
